The system is: Windows - 10.0.22000 - AMD64
Compiling the C compiler identification source file "CMakeCCompilerId.c" succeeded.
Compiler:  
Build flags: 
Id flags:  

The output was:
0
Microsoft (R)-Build-Engine, Version 16.11.0+0538acc04 fr .NET Framework
Copyright (C) Microsoft Corporation. Alle Rechte vorbehalten.

Der Buildvorgang wurde am 27.09.2022 13:20:27 gestartet.
Projekt "C:\Users\p.gigel\CLionProjects\VulkanGuide\vulkan-guide-starting-point\cmake-build-debug\CMakeFiles\3.23.2\CompilerIdC\CompilerIdC.vcxproj" auf Knoten "1" (Standardziele).
PrepareForBuild:
  Das Verzeichnis "Debug\" wird erstellt.
  Das Verzeichnis "Debug\CompilerIdC.tlog\" wird erstellt.
InitializeBuildStatus:
  "Debug\CompilerIdC.tlog\unsuccessfulbuild" wird erstellt, da "AlwaysCreate" angegeben wurde.
ClCompile:
  C:\Program Files (x86)\Microsoft Visual Studio\2019\Community\VC\Tools\MSVC\14.29.30133\bin\HostX64\x64\CL.exe /c /nologo /W0 /WX- /diagnostics:column /Od /D _MBCS /Gm- /EHsc /RTC1 /MDd /GS /fp:precise /Zc:wchar_t /Zc:forScope /Zc:inline /Fo"Debug\\" /Fd"Debug\vc142.pdb" /external:W0 /Gd /TC /FC /errorReport:queue CMakeCCompilerId.c
  CMakeCCompilerId.c
Link:
  C:\Program Files (x86)\Microsoft Visual Studio\2019\Community\VC\Tools\MSVC\14.29.30133\bin\HostX64\x64\link.exe /ERRORREPORT:QUEUE /OUT:".\CompilerIdC.exe" /INCREMENTAL:NO /NOLOGO kernel32.lib user32.lib gdi32.lib winspool.lib comdlg32.lib advapi32.lib shell32.lib ole32.lib oleaut32.lib uuid.lib odbc32.lib odbccp32.lib /MANIFEST /MANIFESTUAC:"level='asInvoker' uiAccess='false'" /manifest:embed /PDB:".\CompilerIdC.pdb" /SUBSYSTEM:CONSOLE /TLBID:1 /DYNAMICBASE /NXCOMPAT /IMPLIB:".\CompilerIdC.lib" /MACHINE:X64 Debug\CMakeCCompilerId.obj
  CompilerIdC.vcxproj -> C:\Users\p.gigel\CLionProjects\VulkanGuide\vulkan-guide-starting-point\cmake-build-debug\CMakeFiles\3.23.2\CompilerIdC\CompilerIdC.exe
PostBuildEvent:
  for %%i in (cl.exe) do @echo CMAKE_C_COMPILER=%%~$PATH:i
  :VCEnd
  CMAKE_C_COMPILER=C:\Program Files (x86)\Microsoft Visual Studio\2019\Community\VC\Tools\MSVC\14.29.30133\bin\Hostx64\x64\cl.exe
FinalizeBuildStatus:
  Die Datei "Debug\CompilerIdC.tlog\unsuccessfulbuild" wird gel”scht.
  Aktualisieren des Timestamps von "Debug\CompilerIdC.tlog\CompilerIdC.lastbuildstate".
Die Erstellung von Projekt "C:\Users\p.gigel\CLionProjects\VulkanGuide\vulkan-guide-starting-point\cmake-build-debug\CMakeFiles\3.23.2\CompilerIdC\CompilerIdC.vcxproj" ist abgeschlossen (Standardziele).

Der Buildvorgang wurde erfolgreich ausgefhrt.
    0 Warnung(en)
    0 Fehler

Verstrichene Zeit 00:00:02.26


Compilation of the C compiler identification source "CMakeCCompilerId.c" produced "CompilerIdC.exe"

Compilation of the C compiler identification source "CMakeCCompilerId.c" produced "CompilerIdC.vcxproj"

The C compiler identification is MSVC, found in "C:/Users/p.gigel/CLionProjects/VulkanGuide/vulkan-guide-starting-point/cmake-build-debug/CMakeFiles/3.23.2/CompilerIdC/CompilerIdC.exe"

Compiling the CXX compiler identification source file "CMakeCXXCompilerId.cpp" succeeded.
Compiler:  
Build flags: 
Id flags:  

The output was:
0
Microsoft (R)-Build-Engine, Version 16.11.0+0538acc04 fr .NET Framework
Copyright (C) Microsoft Corporation. Alle Rechte vorbehalten.

Der Buildvorgang wurde am 27.09.2022 13:20:30 gestartet.
Projekt "C:\Users\p.gigel\CLionProjects\VulkanGuide\vulkan-guide-starting-point\cmake-build-debug\CMakeFiles\3.23.2\CompilerIdCXX\CompilerIdCXX.vcxproj" auf Knoten "1" (Standardziele).
PrepareForBuild:
  Das Verzeichnis "Debug\" wird erstellt.
  Das Verzeichnis "Debug\CompilerIdCXX.tlog\" wird erstellt.
InitializeBuildStatus:
  "Debug\CompilerIdCXX.tlog\unsuccessfulbuild" wird erstellt, da "AlwaysCreate" angegeben wurde.
ClCompile:
  C:\Program Files (x86)\Microsoft Visual Studio\2019\Community\VC\Tools\MSVC\14.29.30133\bin\HostX64\x64\CL.exe /c /nologo /W0 /WX- /diagnostics:column /Od /D _MBCS /Gm- /EHsc /RTC1 /MDd /GS /fp:precise /Zc:wchar_t /Zc:forScope /Zc:inline /Fo"Debug\\" /Fd"Debug\vc142.pdb" /external:W0 /Gd /TP /FC /errorReport:queue CMakeCXXCompilerId.cpp
  CMakeCXXCompilerId.cpp
Link:
  C:\Program Files (x86)\Microsoft Visual Studio\2019\Community\VC\Tools\MSVC\14.29.30133\bin\HostX64\x64\link.exe /ERRORREPORT:QUEUE /OUT:".\CompilerIdCXX.exe" /INCREMENTAL:NO /NOLOGO kernel32.lib user32.lib gdi32.lib winspool.lib comdlg32.lib advapi32.lib shell32.lib ole32.lib oleaut32.lib uuid.lib odbc32.lib odbccp32.lib /MANIFEST /MANIFESTUAC:"level='asInvoker' uiAccess='false'" /manifest:embed /PDB:".\CompilerIdCXX.pdb" /SUBSYSTEM:CONSOLE /TLBID:1 /DYNAMICBASE /NXCOMPAT /IMPLIB:".\CompilerIdCXX.lib" /MACHINE:X64 Debug\CMakeCXXCompilerId.obj
  CompilerIdCXX.vcxproj -> C:\Users\p.gigel\CLionProjects\VulkanGuide\vulkan-guide-starting-point\cmake-build-debug\CMakeFiles\3.23.2\CompilerIdCXX\CompilerIdCXX.exe
PostBuildEvent:
  for %%i in (cl.exe) do @echo CMAKE_CXX_COMPILER=%%~$PATH:i
  :VCEnd
  CMAKE_CXX_COMPILER=C:\Program Files (x86)\Microsoft Visual Studio\2019\Community\VC\Tools\MSVC\14.29.30133\bin\Hostx64\x64\cl.exe
FinalizeBuildStatus:
  Die Datei "Debug\CompilerIdCXX.tlog\unsuccessfulbuild" wird gel”scht.
  Aktualisieren des Timestamps von "Debug\CompilerIdCXX.tlog\CompilerIdCXX.lastbuildstate".
Die Erstellung von Projekt "C:\Users\p.gigel\CLionProjects\VulkanGuide\vulkan-guide-starting-point\cmake-build-debug\CMakeFiles\3.23.2\CompilerIdCXX\CompilerIdCXX.vcxproj" ist abgeschlossen (Standardziele).

Der Buildvorgang wurde erfolgreich ausgefhrt.
    0 Warnung(en)
    0 Fehler

Verstrichene Zeit 00:00:01.78


Compilation of the CXX compiler identification source "CMakeCXXCompilerId.cpp" produced "CompilerIdCXX.exe"

Compilation of the CXX compiler identification source "CMakeCXXCompilerId.cpp" produced "CompilerIdCXX.vcxproj"

The CXX compiler identification is MSVC, found in "C:/Users/p.gigel/CLionProjects/VulkanGuide/vulkan-guide-starting-point/cmake-build-debug/CMakeFiles/3.23.2/CompilerIdCXX/CompilerIdCXX.exe"

Detecting C compiler ABI info compiled with the following output:
Change Dir: C:/Users/p.gigel/CLionProjects/VulkanGuide/vulkan-guide-starting-point/cmake-build-debug/CMakeFiles/CMakeTmp

Run Build Command(s):C:/Program Files (x86)/Microsoft Visual Studio/2019/Community/MSBuild/Current/Bin/MSBuild.exe cmTC_8c60d.vcxproj /p:Configuration=Debug /p:Platform=x64 /p:VisualStudioVersion=16.0 /v:m && Microsoft (R)-Build-Engine, Version 16.11.0+0538acc04 fr .NET Framework
Copyright (C) Microsoft Corporation. Alle Rechte vorbehalten.

  Microsoft (R) C/C++-Optimierungscompiler Version 19.29.30133 fr x64
  Copyright (C) Microsoft Corporation. Alle Rechte vorbehalten.
  CMakeCCompilerABI.c
  cl /c /Zi /W3 /WX- /diagnostics:column /Od /Ob0 /D _MBCS /D WIN32 /D _WINDOWS /D "CMAKE_INTDIR=\"Debug\"" /Gm- /RTC1 /MDd /GS /fp:precise /Zc:wchar_t /Zc:forScope /Zc:inline /Fo"cmTC_8c60d.dir\Debug\\" /Fd"cmTC_8c60d.dir\Debug\vc142.pdb" /external:W3 /Gd /TC /errorReport:queue "C:\Program Files\CMake\share\cmake-3.23\Modules\CMakeCCompilerABI.c"
  cmTC_8c60d.vcxproj -> C:\Users\p.gigel\CLionProjects\VulkanGuide\vulkan-guide-starting-point\cmake-build-debug\CMakeFiles\CMakeTmp\Debug\cmTC_8c60d.exe



Detecting CXX compiler ABI info compiled with the following output:
Change Dir: C:/Users/p.gigel/CLionProjects/VulkanGuide/vulkan-guide-starting-point/cmake-build-debug/CMakeFiles/CMakeTmp

Run Build Command(s):C:/Program Files (x86)/Microsoft Visual Studio/2019/Community/MSBuild/Current/Bin/MSBuild.exe cmTC_ff083.vcxproj /p:Configuration=Debug /p:Platform=x64 /p:VisualStudioVersion=16.0 /v:m && Microsoft (R)-Build-Engine, Version 16.11.0+0538acc04 fr .NET Framework
Copyright (C) Microsoft Corporation. Alle Rechte vorbehalten.

  Microsoft (R) C/C++-Optimierungscompiler Version 19.29.30133 fr x64
  Copyright (C) Microsoft Corporation. Alle Rechte vorbehalten.
  CMakeCXXCompilerABI.cpp
  cl /c /Zi /W3 /WX- /diagnostics:column /Od /Ob0 /D _MBCS /D WIN32 /D _WINDOWS /D "CMAKE_INTDIR=\"Debug\"" /Gm- /EHsc /RTC1 /MDd /GS /fp:precise /Zc:wchar_t /Zc:forScope /Zc:inline /GR /Fo"cmTC_ff083.dir\Debug\\" /Fd"cmTC_ff083.dir\Debug\vc142.pdb" /external:W3 /Gd /TP /errorReport:queue "C:\Program Files\CMake\share\cmake-3.23\Modules\CMakeCXXCompilerABI.cpp"
  cmTC_ff083.vcxproj -> C:\Users\p.gigel\CLionProjects\VulkanGuide\vulkan-guide-starting-point\cmake-build-debug\CMakeFiles\CMakeTmp\Debug\cmTC_ff083.exe



